Using device: cuda
Parameter count: 2.78M
Training with seq_len=256, batch_size=64, n_layers=6, n_heads=6, embed_size=192, mlp_hidden_size=768, learning_rate=0.0005, gradient_clipping=1.0, weight_decay=0.01, num_batches_to_train=50000, use_scheduler=True
Seen 10 batches. last loss is: 3.3761415481567383
Seen 20 batches. last loss is: 3.0726184844970703
Seen 30 batches. last loss is: 2.833824396133423
Seen 40 batches. last loss is: 2.766428232192993
Seen 50 batches. last loss is: 2.7096214294433594
Seen 60 batches. last loss is: 2.6796412467956543
Seen 70 batches. last loss is: 2.695136785507202
Seen 80 batches. last loss is: 2.6878573894500732
Seen 90 batches. last loss is: 2.6259677410125732
Seen 100 batches. last loss is: 2.67946457862854
Model sample: ''' ה .








ה ב .

אל הי .


ה .


וא ארי הו .










ל .
ו ה .

וא הר ה לא .




ל ה ה ל ה ל א ל ה להר אל .



א ל א ה, לא ה ה .





ות א ה ה ה אלאינות ל ל-על ברו ל ה אור .



א .


א .




ל אלואי ה ב ב .





א לא ה א ה אי .



ה .





ות ה ה ה .




ור .








ה, לי .



ו א לבא .

ואל ה .

לי, .





וב ב אל בים בו .



לא לאלו א אתר .

אש ב ה ה .




ול .


ות ל לאוב א ה בא אלי, .


ל .

לי לים את אודוא .

ל לי או ה בים .










ה .



ות ל ה את לולי .
וא ה אולינות ה ה לבובל .

'''

Seen 110 batches. last loss is: 2.6213061809539795
Seen 120 batches. last loss is: 2.592323064804077
Seen 130 batches. last loss is: 2.597353935241699
Seen 140 batches. last loss is: 2.608119010925293
Seen 150 batches. last loss is: 2.5844316482543945
Seen 160 batches. last loss is: 2.548168420791626
Seen 170 batches. last loss is: 2.5554211139678955
Seen 180 batches. last loss is: 2.605416774749756
Seen 190 batches. last loss is: 2.6019883155822754
Seen 200 batches. last loss is: 2.596339464187622
Model sample: ''' .

חדי .



ה בעודורי ה .

אוא מי מות, או בים .

וד בי ורי ה .




ודוד ה .
ו .

ואו בי, .


היו באלירחי הואש ות ה שלי .








ודואור ה אשל .
א אל אשיר א ה הודודי ב .







ות א בר בי הירי אשי ה .

א ה .

ואלי אורי בר ב א ה הורודות .




ה הוא אלאת שרור היות שי שמשי, הודה ה, ה מו מי ה אשל א .



ואורודי,




לי אשיהור .

ודו ה ה שר מור .





וא מו ה אשי של ה .





אל את שו ה שמה שמה הודהות ה ה, ה ה,
ודי אודי שוד ה .
ורי ה אל א ה ו ה .
ות היודהוא הרי .

ודה ה ה, ה ה א ו וא ות א הורואת ודודה'''

Seen 210 batches. last loss is: 2.5823655128479004
Seen 220 batches. last loss is: 2.541566848754883
Seen 230 batches. last loss is: 2.5579965114593506
Seen 240 batches. last loss is: 2.5140154361724854
Seen 250 batches. last loss is: 2.464205741882324
Seen 260 batches. last loss is: 2.4941277503967285
Seen 270 batches. last loss is: 2.453575611114502
Seen 280 batches. last loss is: 2.457702398300171
Seen 290 batches. last loss is: 2.458185911178589
Seen 300 batches. last loss is: 2.429847002029419
Model sample: ''' .

וברי הלותול .

הרוא ה אלי הי היהיה .

אי הי הי מרולי הור מר המשלי – – .

ובאלאי ה ל הי היור הא המי ה .

לי האומוא המה ה האל האי,

האת ברי הא מי לא ה ה הים לאת לים .

בשמה לוא ה היוא אות מיה ה ותי היה ה הי .

וכביוכהי, בר אואל ה אולא ל וא ה הרומת ל ה ליואתי הים!

וכבולי ה אלאוא א ה אואלי ל הי ה ה ולי האומה ה א כא הי ולים הי לאומו ביוא וא .

ואוכי א א אומה ה את מהרים המיות ה מהוליומי ה ה ה המה הות ה הים אוא ה ה ה האלי ל לוליו הי היומשמו ליות לוא מו ביו ה ה מי הות מות המה ה הות מהי מהו ה ברי ות'''

Seen 310 batches. last loss is: 2.415553331375122
Seen 320 batches. last loss is: 2.4175806045532227
Seen 330 batches. last loss is: 2.303734302520752
Seen 340 batches. last loss is: 2.3477585315704346
Seen 350 batches. last loss is: 2.3181543350219727
Seen 360 batches. last loss is: 2.3077123165130615
Seen 370 batches. last loss is: 2.2933568954467773
Seen 380 batches. last loss is: 2.206665277481079
Seen 390 batches. last loss is: 2.301562547683716
Seen 400 batches. last loss is: 2.2951929569244385
Model sample: ''' הור ומיו לאות – .

האים אל אלי ל מראי אל .

והומר אין אל אל מה אחר,

האי המה הומי ודות מים אחל אתי ואת ל האת .

את מי את את-המר ה בידי לי ואל הא אי מר האת .

ואלה ה האת האי ה בי מיאת בותה ה מה מה אל הוא ה לא מה משמתה ה מהואות ה.

ואל או את היה בי ה באברי ה את אות הור מה האמת בהים.

ה ביותי ה אלו את-אה אל לא לא אואל אל האה לאל את האת בא אתי אבעו .

ומה מאי בי הי הואלה האמי הי הימר ה אליה בי היאיור המיה איה ליאו אואי ל בריוי האל לה האיא איאל אוא אל בעל הול אתי האורי הוי הימת באת היה אואי אל אי מי'''

Seen 410 batches. last loss is: 2.1884803771972656
Seen 420 batches. last loss is: 2.21319580078125
Seen 430 batches. last loss is: 2.201375961303711
Seen 440 batches. last loss is: 2.1772372722625732
Seen 450 batches. last loss is: 2.208523988723755
Seen 460 batches. last loss is: 2.196464776992798
Seen 470 batches. last loss is: 2.1856300830841064
Seen 480 batches. last loss is: 2.155694007873535
Seen 490 batches. last loss is: 2.0801141262054443
Seen 500 batches. last loss is: 2.117772102355957
Model sample: ''' .

אלי שו אל אל-נא הועדה .

ברא הא השמי הא היול השורו הרחים.

אל אלא השבר הא הא היו המרא .

ויורא משא הוא לבר ברחה האה .

וביות היוא הישר האיו הוא .

והיו איה המשי אחיו אור האבריו .

מה מה מה היא מה הוא בא ואהותי .

והיי ביו היומו הבא איו ואו ואת האי ובאה .

כי המי האה, אומה איב אבו אוא .

וביבו אומה אתה את מה מה הואורה הוהרה .

האורו האוא באי הנה אות אור בעל בעי .

ואת היה האה הא והראי הוהוהרה.

אי איר מראה האה במה המשמה .

ובהי היה הימה המה, היאת אבי היא .

ואני אור המעד הא מאבה ומיאת .

והיה'''

Seen 510 batches. last loss is: 2.1206116676330566
Seen 520 batches. last loss is: 2.1245625019073486
Seen 530 batches. last loss is: 2.1430516242980957
Seen 540 batches. last loss is: 2.0347442626953125
Seen 550 batches. last loss is: 2.1501283645629883
Seen 560 batches. last loss is: 2.016474485397339
Seen 570 batches. last loss is: 2.087369441986084
Seen 580 batches. last loss is: 2.0768518447875977
Seen 590 batches. last loss is: 2.1218338012695312
Seen 600 batches. last loss is: 2.1063148975372314
