Using device: cuda
Parameter count: 2.76M
Training with seq_len=128, batch_size=64, n_layers=6, n_heads=12, embed_size=192, mlp_hidden_size=768, learning_rate=0.0005, gradient_clipping=1.0, weight_decay=0.01, num_batches_to_train=50000, use_scheduler=True
Seen 10 batches. last loss is: 3.4901297092437744
Seen 20 batches. last loss is: 3.1089253425598145
Seen 30 batches. last loss is: 2.9583992958068848
Seen 40 batches. last loss is: 2.8136801719665527
Seen 50 batches. last loss is: 2.7984752655029297
Seen 60 batches. last loss is: 2.758132219314575
Seen 70 batches. last loss is: 2.700244426727295
Seen 80 batches. last loss is: 2.6739094257354736
Seen 90 batches. last loss is: 2.642017126083374
Seen 100 batches. last loss is: 2.644892454147339
Model sample: '''ל ה ל .
אל אלורו .
ור ו א מה לא .



לי .
ו .
ה .

ור לא אתורי לות ל ה הרהרי לי שרי שי .
ה הו .

או א אל הרים אלים,

ה הי לא הרה .

אלוא ליה בי .
אלולות .



ל האור שלול הילו ה ה א ה הר לאלי ליור לול הי א ליה הו לאר הול .




וארים הול ה ה הולא הר ל .

ו הי ל ל אי .
ל ה ה לי הרול ה להול ברולולי ה ה .

אות ה הרות .







לה אלי ה את ליולי ה הרהר ה .

ה ה ה הר ה ה מה הורו .


וליה לא אלים ה הר את לא ה הרים הו הי אולים ה הולאתואראלאלא הרולול לו ה ה לי ה ה ל הרא את הול ל ב הותים את .



ה אלי ה ה ה'''

Seen 110 batches. last loss is: 2.60015869140625
Seen 120 batches. last loss is: 2.6982309818267822
Seen 130 batches. last loss is: 2.580557346343994
Seen 140 batches. last loss is: 2.5877833366394043
Seen 150 batches. last loss is: 2.610243320465088
Seen 160 batches. last loss is: 2.551966428756714
Seen 170 batches. last loss is: 2.5812690258026123
Seen 180 batches. last loss is: 2.5407185554504395
Seen 190 batches. last loss is: 2.506448984146118
Seen 200 batches. last loss is: 2.5006749629974365
Model sample: '''rם מרי לים,


ו באו וב הב אל ה .

אובי אות המי .

ואולאשל א ה ה בעי .

א העני ברי אי.

ה .

לי ברא ה .


מה בעלי ה את .


לד המואי מה הי מאי .

מי הירבעיה .

מיל המעל .

א האות בי לה אל משי המי .

בי מה מהראור מי מהעותר ברו .

א ברו אשובי מא מהי מור בי הבעל בי .

ל המו מאלותות מהו .

אורא אב האיול מהרו הבר מי .

מירו האת אבו מהי הבי לא הא למהות .

מול בי מה ה הים מי האל לים בעל .

לב מא מימל לאת המר המי .

מוי מה איו היר לה באת הא ב .

אות הא אוב אל מי מהר אתים הבי באלי .

אל האוא היואתים אי אי '''

Seen 210 batches. last loss is: 2.501655101776123
Seen 220 batches. last loss is: 2.4758355617523193
Seen 230 batches. last loss is: 2.4369726181030273
Seen 240 batches. last loss is: 2.4571645259857178
Seen 250 batches. last loss is: 2.29392147064209
Seen 260 batches. last loss is: 2.411245822906494
Seen 270 batches. last loss is: 2.3485405445098877
Seen 280 batches. last loss is: 2.3634018898010254
Seen 290 batches. last loss is: 2.338592767715454
Seen 300 batches. last loss is: 2.298095703125
Model sample: '''r אחלה אד בחלות .

אל בשלי בע .

ואירו א בעלות .

ואוברו היש הערי .

ואחרת אשר השרי – .

על-ש האות הרא .

ומתהער הרא הע ורער,

ואש הרואשרי המעל .

האלת-הער על אלהר לאשל הרודי לע לכי האל לשלות .

ומתורא האש העל-נשל על השלה .

דולא שלה על העי העותה – הגלהרח,

אלה האיד היוא וה על העלו הרואי .

אירא אח אשרו הרול הא אשל האלי .

לאין לשיר הנות העני – .

לדף אל העל הראשי הוא בה ברואשיקט ברויה הודה הוא בן-יה, הודואל הולק הוע הוע שליות היוא מת ואל למת לה הודות המתות השמת, ועי השלה המוא הי האתר הישל השל ה'''

Seen 310 batches. last loss is: 2.2568726539611816
Seen 320 batches. last loss is: 2.338914632797241
Seen 330 batches. last loss is: 2.2755661010742188
Seen 340 batches. last loss is: 2.1586875915527344
Seen 350 batches. last loss is: 2.3557376861572266
Seen 360 batches. last loss is: 2.2441561222076416
Seen 370 batches. last loss is: 2.240638017654419
Seen 380 batches. last loss is: 2.1241707801818848
Seen 390 batches. last loss is: 2.16678786277771
Seen 400 batches. last loss is: 2.250913619995117
Model sample: '''] ביאים אוניק .

את ביאת המאו מאת אל-ידי – .

ויאו אין מאל ברי השמום – .

אח אין למה השלו את .

האת אי האלי השמות .

ואלי אות המענים .

ויה אחר אוני המער .

ואלה את-נאו השמים הארה היניו .

מעבי הנירה השלונים,

ואו האודם לבו אחר .

הערי האות אין באש האורים .

אל היר הירות האיר היורה בער ביל .

הובאור מרים השל בער השמשים בשונות הישל – המשר ואת .

היה השר הישר האשה ברחה מתה, בשמעו את הקשבין, מהיור ואורים.
– את-הול אתרים ביה המתיה בעול ואור ואל את אחל בעות באל-אורות אש של בעור אל של ברא או אות אחות '''

Seen 410 batches. last loss is: 2.2719085216522217
Seen 420 batches. last loss is: 2.077638864517212
Seen 430 batches. last loss is: 2.217787981033325
Seen 440 batches. last loss is: 2.1206154823303223
Seen 450 batches. last loss is: 2.196357488632202
Seen 460 batches. last loss is: 2.187183380126953
Seen 470 batches. last loss is: 2.051408290863037
Seen 480 batches. last loss is: 2.1178665161132812
Seen 490 batches. last loss is: 2.0983455181121826
Seen 500 batches. last loss is: 2.180694818496704
Model sample: '''!

אך אין-אני .

בי הכבי היא .

בימה הואל .

לא יום העל האינה .

אימי מי היה האד .

האת אל יי אותה – .

אני מה לא או .

לא העו לי, העד.

אי אשר, אל האשי .

או אחת לא מאת .

אין תהאת לי לא מאל .

אך תה הכל הא .

ואין..

כככי אחר לבי.

לא שיר הידם .

ואתם .

לשי אחיר .

אל אול לי .

לא אוי לא .

וישי אות .

אין תה אחר .

לא האות .

כי הידי .

לתוכן הענינים .

לדף הראשי של פרויקט בן-יהודה .

דף זה הוא חלק מפרויקט בן-יהודה, מתניותקים לסיות לסיות .

דף זה הוא מתקיים הולק .

והוא מארים ביה האר של מתים'''

Seen 510 batches. last loss is: 2.193190574645996
Seen 520 batches. last loss is: 2.136857271194458
Seen 530 batches. last loss is: 2.1376259326934814
Seen 540 batches. last loss is: 2.079681634902954
Seen 550 batches. last loss is: 2.0757288932800293
Seen 560 batches. last loss is: 2.0257179737091064
Seen 570 batches. last loss is: 2.1143641471862793
Seen 580 batches. last loss is: 2.1128711700439453
Seen 590 batches. last loss is: 2.1005988121032715
Seen 600 batches. last loss is: 2.052422046661377
