Using device: cuda
Parameter count: 2.76M
Training with seq_len=128, batch_size=64, n_layers=6, n_heads=6, embed_size=192, mlp_hidden_size=768, learning_rate=0.0005, gradient_clipping=1.0, weight_decay=0.01, num_batches_to_train=50000, use_scheduler=True
Seen 10 batches. last loss is: 3.415713310241699
Seen 20 batches. last loss is: 3.1147944927215576
Seen 30 batches. last loss is: 2.9337308406829834
Seen 40 batches. last loss is: 2.782235622406006
Seen 50 batches. last loss is: 2.783478021621704
Seen 60 batches. last loss is: 2.8242759704589844
Seen 70 batches. last loss is: 2.6911418437957764
Seen 80 batches. last loss is: 2.688445568084717
Seen 90 batches. last loss is: 2.645937204360962
Seen 100 batches. last loss is: 2.641167163848877
Model sample: '''
א ב לותי לב בי לאלי ב ה לי .


לי לי,


אלי אל מי ל א ל ה ה בר לא בי ברי לי א .
אי ברורירי מואלא .
ות ה, ה לברירא ה .


ול בלור ה הור ה ה לבואתיר בי ה לי לי .



בי ה ל בי .



לי בי הי ה ה אתירי ה מות את ה בי מו ל הרירחר הי אים בר ה ל מרואל ברינחי ה, אינו .











בי ה בי בו לי ליל הו ה ב הי בי ה מהים בות לו מרוא מהרילבר ה בל ה .





לי ב ה ה אל ה ה הים ה, ל מירחת לי את את ה ביל הי ה הי בל בים, אלי ביר ה בלו ה,

ל בינה לי אלי לי מעת בי ה,




ליור לי ה,


ולאלי ל א את,



ברי ה, מהות בלאו'''

Seen 110 batches. last loss is: 2.6726794242858887
Seen 120 batches. last loss is: 2.6577627658843994
Seen 130 batches. last loss is: 2.5984935760498047
Seen 140 batches. last loss is: 2.584041118621826
Seen 150 batches. last loss is: 2.5836050510406494
Seen 160 batches. last loss is: 2.6020116806030273
Seen 170 batches. last loss is: 2.520134687423706
Seen 180 batches. last loss is: 2.51883864402771
Seen 190 batches. last loss is: 2.528846025466919
Seen 200 batches. last loss is: 2.4912514686584473
Model sample: '''

לויד אים אלא .

לאלבר הין בי בים .

כלוברא אשלים .

וכליד אים הרואי ..

ואשבאל אים .

וא הואל א אלבידף .

וכל אורידורורא אור הי .

ודורון-ין לין-ין .

אין ה העלד .

אלברוא ה הרא .

כר ה אלא איראלי לא .

ל לירין לאשלי .

ות את ברי בין ל .

בדף לא העלאון-ין-ין .

הרחראשירוד בין הוד בן-ירי .


לדהור אלא מי אשאלאת ה, הירו .


בן לא אשלאשמה, .

לידף א ה לאיד לא .

כלא לדף את לא .

א מיראלא בלאת ל הוין-ה ה, .


אלבלבלא .

וא את ה מה לאל ה א את .

אובן ה ה בי .

אליראלי הואתרא .


וא בילא לאות ה, א .'''

Seen 210 batches. last loss is: 2.452754259109497
Seen 220 batches. last loss is: 2.448582410812378
Seen 230 batches. last loss is: 2.454699993133545
Seen 240 batches. last loss is: 2.4690144062042236
Seen 250 batches. last loss is: 2.4308407306671143
Seen 260 batches. last loss is: 2.443451166152954
Seen 270 batches. last loss is: 2.4152979850769043
Seen 280 batches. last loss is: 2.3276522159576416
Seen 290 batches. last loss is: 2.342972993850708
Seen 300 batches. last loss is: 2.3106689453125
Model sample: ''' באים אלי – .

ואר לי מי אתי אירו.

אשי לי לא את .

אתי לי העיד .

וילו לי הורי .

לשל הרגד .

לתרולת מפרת .

אל לי מפרו.

א ארו היורי .

לא ארו .

להור ל העני .

להרוי הרא .

לשל הרודי .

לה הראשי ה הרגל .

לדף .

לשין הרדף מרודף של .

.

לדף אשל הרוי הודף מרוד .

לדף מרודף הרודף דף בן-יהודה .

לתף הודף לדף מפרויקט בן-יקט בן-יהודה של בן-יהודף בן-יהודה בן ביהודה דף בן-יהודה בן-יהוד בן-יהוי דודה מפרי בן-יהודמיקט מתה בן-יא בלמודיק ביקו ברק בן הודה הודה ביק ביקיה בייוד בי מתוד הוא ברי בל ואת מתרות '''

Seen 310 batches. last loss is: 2.3171041011810303
Seen 320 batches. last loss is: 2.336000680923462
Seen 330 batches. last loss is: 2.283015489578247
Seen 340 batches. last loss is: 2.2266318798065186
Seen 350 batches. last loss is: 2.3196799755096436
Seen 360 batches. last loss is: 2.2927069664001465
Seen 370 batches. last loss is: 2.1227478981018066
Seen 380 batches. last loss is: 2.269599199295044
Seen 390 batches. last loss is: 2.225222110748291
Seen 400 batches. last loss is: 2.2611489295959473
Model sample: '''[mf-חמורים ואום ואל ביור לא לינים ואשים משרותם משיונו הודם ואחירים מחת הואל לא מרו מחורות ובעל ברים לאורים לבי בלו אלים וברוני יהועין יל לע לא השי ילי אריני היר לאשי ילי .
והינח הודרת הוה ואלי את לה משרות הור מפר השרי בישי ואות את הושלא הריש הות הוער בר השל אי מער וד אל העלות העל ברית הואשי הרחי אוד הרות.

הנע לי לא הרו שלי ישיל ל את לבעת על-ין על הוד לא לה הוא העל-י אלקט בנפיה ביל לא לא אשמת לק הרות לא לבין .

לא הי הוא על לי חל לא מפרות אחלי הואת להור א החוני אל את את הואשל אוד אתה מפר בר הרור'''

Seen 410 batches. last loss is: 2.1991653442382812
Seen 420 batches. last loss is: 2.2073464393615723
Seen 430 batches. last loss is: 2.2506823539733887
Seen 440 batches. last loss is: 2.1611526012420654
Seen 450 batches. last loss is: 2.096082925796509
Seen 460 batches. last loss is: 2.2651138305664062
Seen 470 batches. last loss is: 2.1449828147888184
Seen 480 batches. last loss is: 2.195639133453369
Seen 490 batches. last loss is: 2.1865551471710205
Seen 500 batches. last loss is: 2.106624126434326
Model sample: '''

ויש יום מי המורו הוחום .

בשים וידים, ארגלו הגם, היום,

היה היום ואול ואורו היום.

ואת את השית אתה ליום.

ואך היי אל אתי ובין האור השה.

ואול הו איה הוא היש את השה אי הא .

היו היו אור היו המתי,

ואו אי היש ליל ואולים ומילי – .

היתו או הית אוא ויה השא יתה .

את-תהכי הית מאת על .

לשי תהרים העיה .

את מש אשמים היה ואו .

אל את משי אשי ידו .

והוא מערכו .

או משלי ימאה הוא המא .

או מיו עיה השמו הברכה .

המי הימי מה עול היש השבי .

אשה מי הית לא באת היתי .

ובאיה מה ומתי למה,

ומתכלה היוא,

את '''

Seen 510 batches. last loss is: 2.152958393096924
Seen 520 batches. last loss is: 2.163052797317505
Seen 530 batches. last loss is: 2.082329034805298
Seen 540 batches. last loss is: 2.086652994155884
Seen 550 batches. last loss is: 2.0396158695220947
Seen 560 batches. last loss is: 2.1526777744293213
Seen 570 batches. last loss is: 2.104595422744751
Seen 580 batches. last loss is: 2.059235095977783
Seen 590 batches. last loss is: 2.102811098098755
Seen 600 batches. last loss is: 2.1441736221313477
