Using device: cuda
Parameter count: 2.76M
Training with seq_len=128, batch_size=32, n_layers=6, n_heads=6, embed_size=192, mlp_hidden_size=768, learning_rate=0.0005, gradient_clipping=1.0, weight_decay=0.01, num_batches_to_train=50000, use_scheduler=True
Seen 10 batches. last loss is: 3.4961886405944824
Seen 20 batches. last loss is: 3.204307794570923
Seen 30 batches. last loss is: 2.9700260162353516
Seen 40 batches. last loss is: 2.8524580001831055
Seen 50 batches. last loss is: 2.7474935054779053
Seen 60 batches. last loss is: 2.8087375164031982
Seen 70 batches. last loss is: 2.660820484161377
Seen 80 batches. last loss is: 2.679394245147705
Seen 90 batches. last loss is: 2.675776958465576
Seen 100 batches. last loss is: 2.670048713684082
Model sample: ''' לי לולהירוי, יולות ו י לירולי לים.


ל ל ו לי .
ותוי ה,


א ה,
ה .

ותורירים ה ול הוי ה ה הים הרי וים .


ות .
ודות ל הות,
ות,
אות הים ה ה, ותוי הותוד יני .





ולא .


ולים,

לי י ה הינורו ל לוי .



ות י לברוים .

הודי הרורורידים-רי אל הים וריליניוים ולים ה ולבי ול לור .
לא ול ה ל הולים .
לירורהולים,

לולינו או י ו הורו .



ורוי הו הי ה הרותי .
ו לויוי הולאלוים ה ות, ל ה הול לולו וי .

לורי האת .
ל הי .



וי .
וילי ה לאתי .




אלי א בילים-יל הורולהודי .
ל ה יראתיני אל איול .
הינירירילי ה '''

Seen 110 batches. last loss is: 2.6416006088256836
Seen 120 batches. last loss is: 2.6754584312438965
Seen 130 batches. last loss is: 2.535951614379883
Seen 140 batches. last loss is: 2.62187123298645
Seen 150 batches. last loss is: 2.6248421669006348
Seen 160 batches. last loss is: 2.6210896968841553
Seen 170 batches. last loss is: 2.5574400424957275
Seen 180 batches. last loss is: 2.563941717147827
Seen 190 batches. last loss is: 2.5603487491607666
Seen 200 batches. last loss is: 2.5138821601867676
Model sample: ''' אל אתרי לי האים;

אלא הא .

אני באת .

ל לאל בלית ברבי בא אתים המרו .


לת הו ה ה אלאתים ה ה ל ה בידהי א בלתר לבי ה אלאלידף לינותינות אשמת .

לא ה ה .

בא לאלאתוד ה היני הים .

לים ה ה ברים ה א ב .

הודולי ה לאתריד הים.

ביד .

בל ברי ה בים הותובראלבאלים .

מעינואת הוברב לת ל א ביה לת ה .

לאנים ב .

לת הות .

בים הי ה .

ברבי .

לבאת .

הי בלבאתרול .

מה ה בראשלאתרא הולבאת בריד לינית אשרול ה ל הב א ברים ה הי .


מלת ..

ה אלא ה לי ליני אשרואת לא .

ה הברא הי אתר אשראת לאשלי הא אנית .

אליתי בר'''

Seen 210 batches. last loss is: 2.548326015472412
Seen 220 batches. last loss is: 2.5018961429595947
Seen 230 batches. last loss is: 2.5394253730773926
Seen 240 batches. last loss is: 2.490635871887207
Seen 250 batches. last loss is: 2.490755558013916
Seen 260 batches. last loss is: 2.4449915885925293
Seen 270 batches. last loss is: 2.472228527069092
Seen 280 batches. last loss is: 2.4174649715423584
Seen 290 batches. last loss is: 2.436506748199463
Seen 300 batches. last loss is: 2.361356735229492
Model sample: ''' אל היו אל אלות המעל .

ובעלות העל אל בשר השרותולים לאשוד מות לאות .

העותרבי מידה, לים, המי המה לבוליויה .

לאשיר לים מיד לערא מרורים לבים הל למשלו .

וכל מים ב הוליוים לא של את מריה .

לישמה .

המע ביהרו שב הודו הל בידו למרים .

לאירו ביהודה השליה .

ליה הלאשב הלאוכי .

את את השב השלו הורי .

וערי השים .

ובישלת לא הוא הויה בליוא .

ביהעל הואוד הודף אליה הול הרו הרח ברותיק .

וא הרותה, לביאשרוי לב באור אור הרו הלות ליה .

ואותוכן לא אתילה הרי למים, אלוי הל אשמר .

וליהרב אור אלה הרוא את אליהי '''

Seen 310 batches. last loss is: 2.4488420486450195
Seen 320 batches. last loss is: 2.400602102279663
Seen 330 batches. last loss is: 2.408738136291504
Seen 340 batches. last loss is: 2.3758673667907715
Seen 350 batches. last loss is: 2.267930746078491
Seen 360 batches. last loss is: 2.486621379852295
Seen 370 batches. last loss is: 2.2957863807678223
Seen 380 batches. last loss is: 2.224126100540161
Seen 390 batches. last loss is: 2.3604490756988525
Seen 400 batches. last loss is: 2.250525951385498
Model sample: ''' .

היד היות הוב השב היותי .

ואו הרו אל אל-אבר אל העות .

לא הידעתי היד, את-הרבי משות.

כל יום יו לא את לאור איד לא בשר .

וה הראביות העור השר – .

התאורות הרבה האשיו .

היוא האשב באבר ב הוד הודע .

אחור הרות .

ולת העני בא אל היה .

והישל הראשרי שי .

לד השע הוא הרא העל-חל בשר .

לדף הע פרויקט .

הראשי של הואשי שלק הוא פרוי שמן .

לשיוי פרא שי יויוים הוא של בן הודה,

וא אין לא את אבלי את היל הול האות .

לא תחד לביות הוא בים הובי ימש האלי .

אחד בש אבובילי אתי הוא הוא .

ואירח .

לאברי בי את הו'''

Seen 410 batches. last loss is: 2.2872729301452637
Seen 420 batches. last loss is: 2.2973134517669678
Seen 430 batches. last loss is: 2.330270290374756
Seen 440 batches. last loss is: 2.1778404712677
Seen 450 batches. last loss is: 2.336935520172119
Seen 460 batches. last loss is: 2.1780965328216553
Seen 470 batches. last loss is: 2.2514936923980713
Seen 480 batches. last loss is: 2.14227294921875
Seen 490 batches. last loss is: 2.132899045944214
Seen 500 batches. last loss is: 2.2159018516540527
Model sample: ''' אל-כארה לי מאלילו .

את-הכל אל למי אשמר המים למי .

מין הידערים היא לי השמרו .

היא היהיא אחר החיום לאו .

עין היא אין משאל היאיני .

אלהיה על-הוא מיהו האים ואל היא .

אל עוד לי מרעו .

היות החו .

עלי היאשי החוא המה למים האות .

להי המה ושמש מעו .

ועל מאל לב .

מים המרביום .

לי, לי האי המרות .

וב לאי,

הנא את-אנים .

האי מרוא,

וער הוא האי היא .

האל עד אל .

האורי ואוד,

אל אל היום לביל .

עמר האר .

אין .

איל היוד עד,

ועל מידי לי .

אש על היו .

ואין האל לאשיש .

על אחר .

ועורי את לשי '''

Seen 510 batches. last loss is: 2.1381585597991943
Seen 520 batches. last loss is: 2.1164214611053467
Seen 530 batches. last loss is: 2.119485855102539
Seen 540 batches. last loss is: 2.286271810531616
Seen 550 batches. last loss is: 2.176917314529419
Seen 560 batches. last loss is: 2.1231067180633545
Seen 570 batches. last loss is: 2.2773725986480713
Seen 580 batches. last loss is: 2.148479461669922
Seen 590 batches. last loss is: 2.229653835296631
Seen 600 batches. last loss is: 2.0973174571990967
