Using device: cuda
Parameter count: 10.82M
Training with seq_len=128, batch_size=64, n_layers=6, n_heads=6, embed_size=384, mlp_hidden_size=1536, learning_rate=0.0005, gradient_clipping=1.0, weight_decay=0.01, num_batches_to_train=50000, use_scheduler=True
Seen 10 batches. last loss is: 3.3469834327697754
Seen 20 batches. last loss is: 3.228226900100708
Seen 30 batches. last loss is: 3.0404937267303467
Seen 40 batches. last loss is: 2.9352810382843018
Seen 50 batches. last loss is: 2.7907660007476807
Seen 60 batches. last loss is: 2.8054277896881104
Seen 70 batches. last loss is: 2.718701124191284
Seen 80 batches. last loss is: 2.672863483428955
Seen 90 batches. last loss is: 2.7624216079711914
Seen 100 batches. last loss is: 2.658085823059082
Model sample: '''        אי אול אי, בי ה .






ו ה בו אל עול בי ער עלירים,


ולויולאים ..

וים אול ביר .



ותות .
א .

אים ביריוים,



א אי ארי ה לירי .

לות .

וי, ערותי, .






א ה הים אל בי .
אלוים ל א .


ול ל ה בים א .
















ו בי .
ל על א .






א בים א הי ה ל ה אים .

וים על ברי א ברברים .












א .





ורא איורי ב א הולי .




הים ב א ב .


א א הי ה ל הבים,









אי ע א בים ה .


ה .







וי ה ב .






אי ביוי .

ה .
הורי הים ב ביול לוי .
















ות .





ה ב הוים ארות'''

Seen 110 batches. last loss is: 2.69783878326416
Seen 120 batches. last loss is: 2.707470178604126
Seen 130 batches. last loss is: 2.652956008911133
Seen 140 batches. last loss is: 2.6370089054107666
Seen 150 batches. last loss is: 2.631309986114502
Seen 160 batches. last loss is: 2.6353306770324707
Seen 170 batches. last loss is: 2.6383275985717773
Seen 180 batches. last loss is: 2.598214626312256
Seen 190 batches. last loss is: 2.5716185569763184
Seen 200 batches. last loss is: 2.561929702758789
Model sample: '''Paa.

ובה בואל האל את אל להינים .

לים הי ה .


אלהול הא .
ולאתי לול א ב לא .
לו .
הולאו לא בר לא לי הותוד א ה את הי .
ל בלי .
ה א בי .
ה את .
א בירי הורהל ל א ה הותהורי בליר הורהים הו א את ה .

הלביה ה הרור ל ה ה הר ה בים ה ה ל א .



א לי בות הוברול אור בריה אוא ה, ב ב הור ו ב א א ל א את הוא בירי הירו בלבוד א ל ה הים ה הרוד ב לא ה ברא אל ביודול ל ב ה .




הול אלים א ה .




האואירוא אוא בר ה בל ב הי הים אי ביות לי ל א הי ל אל ב האות א בים אולות בים ה ל את .



הים את הרורות אלי ביד א הים בולו'''

Seen 210 batches. last loss is: 2.4860262870788574
Seen 220 batches. last loss is: 2.577327251434326
Seen 230 batches. last loss is: 2.4938676357269287
Seen 240 batches. last loss is: 2.476778030395508
Seen 250 batches. last loss is: 2.465244770050049
Seen 260 batches. last loss is: 2.3823320865631104
Seen 270 batches. last loss is: 2.4145846366882324
Seen 280 batches. last loss is: 2.440876007080078
Seen 290 batches. last loss is: 2.312659740447998
Seen 300 batches. last loss is: 2.3403618335723877
Model sample: '''oаoа  השל- .

ובר הירת .

הירו השל – .

האי, אל .

וא .

בא אל אל האל-האו .

ברוא אי .

לב אל העו .

למענו לי בשנו, .

לא א .

אוב א לולא ה הות העלו לבי הרי א הירבי הרות .

לא א ה לורוא .





ו .
ולא הידבירידוברחי אל ברורי א הרבר .







ל בורבא הירבולא לב .







אורורורבשי .

.


את .




הראשמרחובכי הוא הברברו .







הא לב באשברואת אות ה .







אוא .





וא באתואלאלי העלברבכל .







ל או בא בשלת .









ותורגרא הי לת הורולורגם .








ברא את א בי – .







א .

וליד את .





'''

Seen 310 batches. last loss is: 2.324486017227173
Seen 320 batches. last loss is: 2.260067939758301
Seen 330 batches. last loss is: 2.326883316040039
Seen 340 batches. last loss is: 2.2300000190734863
Seen 350 batches. last loss is: 2.3147144317626953
Seen 360 batches. last loss is: 2.257782459259033
Seen 370 batches. last loss is: 2.2724692821502686
Seen 380 batches. last loss is: 2.190905809402466
Seen 390 batches. last loss is: 2.247955083847046
Seen 400 batches. last loss is: 2.13985276222229
Model sample: '''nda

אל .

לא לא אחרות .

אין ידית לי .

את משמעת .

לי עוד השורי לי,

אחדי לילה השל את לבבי – .

אין את אור אשי השי .

ולי ה .

וישמעות היו .

להשיר .

לבשמת לבי, האי לות .

לאשמר .

אל-לברי ידמרה האשיר .

לבו לא המה ..

אתורי אתמרבות למי .

לאשר האוי, הקט הרור .

ואיר אתמי .

וידער הרוב .

ואל .

אתרור היו היש הקור .

ואל אל לא אתבוא לי .

על מתי מרי אשות .

לא ישרות האשרו .

"אור מרי ליו האשכר .

לאבי ה היד .

ליד ליו ליו לא .

ליל אחורו הומי .

לאשכלו הישרח לידים .

לאות הקוא אתרות ליד הרג .'''

Seen 410 batches. last loss is: 2.125413656234741
Seen 420 batches. last loss is: 2.19529128074646
Seen 430 batches. last loss is: 2.158292770385742
Seen 440 batches. last loss is: 2.085118532180786
Seen 450 batches. last loss is: 2.089850664138794
Seen 460 batches. last loss is: 2.1657192707061768
Seen 470 batches. last loss is: 2.070040464401245
Seen 480 batches. last loss is: 2.0235865116119385
Seen 490 batches. last loss is: 2.0353901386260986
Seen 500 batches. last loss is: 1.9960219860076904
Model sample: '''taas vв נורים .

לתוכן הענינים לדף הראשי של פרויקט בן-יהודה דף זה הוא חלק מפרויקט בן-יהודה, של שמתקיים לסיוע של מתנדבים– 
דמי שמתני ומים בים הקיי המה.

היא איש יש היא היא לא ביט את האמני .

לא אתה באות המה הים,

ללא האית בא תוב לי יש לילי באות .

ואביבוד בשרה: – .

בשר למי בלי המה .

לב ברכה במים.

ויש בים בידים ומחלו .

ולא הני היא הים,

ואל ליל אל לא במרח .

לי לי ידי באילים לא האמרו: ביא – .

ובשרע הילד היא .

לא תרצ"א, אל היא.

לתוכן הענינים לדף של פרויקט בן-יהודה דף זה הוא חלק מפרויקט בן-יה'''

Seen 510 batches. last loss is: 1.9929784536361694
Seen 520 batches. last loss is: 1.9511665105819702
Seen 530 batches. last loss is: 2.0486531257629395
Seen 540 batches. last loss is: 1.9708247184753418
Seen 550 batches. last loss is: 1.914551854133606
Seen 560 batches. last loss is: 1.887869954109192
Seen 570 batches. last loss is: 1.9559606313705444
Seen 580 batches. last loss is: 1.9176499843597412
Seen 590 batches. last loss is: 1.8731448650360107
Seen 600 batches. last loss is: 1.8886117935180664
